2025-03-18 15:17:28,178 - room_scheduler - INFO - Starting room availability scheduler
2025-03-18 15:17:28,178 - room_scheduler - INFO - Starting data pipeline...
2025-03-18 15:17:28,178 - room_scheduler - INFO - Running EMS scraper...
2025-03-18 15:17:28,197 - room_scheduler - ERROR - Error in data pipeline: Command '['python', 'src/ems_scraper.py']' returned non-zero exit status 1.
2025-03-18 15:17:28,197 - room_scheduler - INFO - Scheduler running, will update every 5 minutes
2025-03-18 15:18:08,644 - room_scheduler - INFO - Starting room availability scheduler
2025-03-18 15:18:08,644 - room_scheduler - INFO - Starting data pipeline...
2025-03-18 15:18:08,644 - room_scheduler - INFO - Running EMS scraper...
2025-03-18 15:18:08,668 - room_scheduler - ERROR - Error in data pipeline: Command '['python', 'src/ems_scraper.py']' returned non-zero exit status 1.
2025-03-18 15:18:08,668 - room_scheduler - INFO - Scheduler running, will update every 5 minutes
2025-03-18 15:19:44,723 - room_scheduler - INFO - Starting room availability scheduler
2025-03-18 15:19:44,723 - room_scheduler - INFO - Starting data pipeline...
2025-03-18 15:19:44,723 - room_scheduler - INFO - Running EMS scraper...
2025-03-18 15:19:58,795 - room_scheduler - INFO - EMS scraper completed successfully
2025-03-18 15:19:58,795 - room_scheduler - INFO - Processing room hours...
2025-03-18 15:19:58,814 - room_scheduler - INFO - Room hours processed successfully
2025-03-18 15:19:58,815 - room_scheduler - INFO - Data pipeline completed successfully. Timestamp: 2025-03-18T15:19:58.814899
2025-03-18 15:19:58,815 - room_scheduler - INFO - Scheduler running, will update every 5 minutes
2025-03-18 15:24:58,879 - room_scheduler - INFO - Starting data pipeline...
2025-03-18 15:24:58,879 - room_scheduler - INFO - Running EMS scraper...
2025-03-18 15:25:12,042 - room_scheduler - INFO - EMS scraper completed successfully
2025-03-18 15:25:12,042 - room_scheduler - INFO - Processing room hours...
2025-03-18 15:25:12,060 - room_scheduler - INFO - Room hours processed successfully
2025-03-18 15:25:12,060 - room_scheduler - INFO - Data pipeline completed successfully. Timestamp: 2025-03-18T15:25:12.060306
2025-03-18 15:30:12,111 - room_scheduler - INFO - Starting data pipeline...
2025-03-18 15:30:12,111 - room_scheduler - INFO - Running EMS scraper...
2025-03-18 15:30:25,526 - room_scheduler - INFO - EMS scraper completed successfully
2025-03-18 15:30:25,526 - room_scheduler - INFO - Processing room hours...
2025-03-18 15:30:25,546 - room_scheduler - INFO - Room hours processed successfully
2025-03-18 15:30:25,546 - room_scheduler - INFO - Data pipeline completed successfully. Timestamp: 2025-03-18T15:30:25.546414
2025-03-18 15:35:25,703 - room_scheduler - INFO - Starting data pipeline...
2025-03-18 15:35:25,704 - room_scheduler - INFO - Running EMS scraper...
2025-03-18 15:35:38,773 - room_scheduler - INFO - EMS scraper completed successfully
2025-03-18 15:35:38,773 - room_scheduler - INFO - Processing room hours...
2025-03-18 15:35:38,794 - room_scheduler - INFO - Room hours processed successfully
2025-03-18 15:35:38,794 - room_scheduler - INFO - Data pipeline completed successfully. Timestamp: 2025-03-18T15:35:38.794860
2025-03-18 15:40:38,945 - room_scheduler - INFO - Starting data pipeline...
2025-03-18 15:40:38,946 - room_scheduler - INFO - Running EMS scraper...
2025-03-18 15:40:53,500 - room_scheduler - INFO - EMS scraper completed successfully
2025-03-18 15:40:53,500 - room_scheduler - INFO - Processing room hours...
2025-03-18 15:40:53,523 - room_scheduler - INFO - Room hours processed successfully
2025-03-18 15:40:53,524 - room_scheduler - INFO - Data pipeline completed successfully. Timestamp: 2025-03-18T15:40:53.524050
