2025-03-20 15:51:05,988 - room_scheduler - INFO - Starting room availability scheduler
2025-03-20 15:51:05,989 - room_scheduler - INFO - Starting data pipeline...
2025-03-20 15:51:05,989 - room_scheduler - INFO - Running EMS scraper...
2025-03-20 15:51:06,004 - room_scheduler - ERROR - Error in data pipeline: Command '['python', 'src/ems_scraper.py']' returned non-zero exit status 2.
2025-03-20 15:51:06,004 - room_scheduler - INFO - Scheduler running, will update every 5 minutes
2025-03-20 15:52:40,596 - room_scheduler - INFO - Starting room availability scheduler
2025-03-20 15:52:40,596 - room_scheduler - INFO - Starting data pipeline...
2025-03-20 15:52:40,596 - room_scheduler - INFO - Running EMS scraper...
2025-03-20 15:53:09,172 - room_scheduler - INFO - EMS scraper completed successfully
2025-03-20 15:53:09,172 - room_scheduler - INFO - Processing room hours...
2025-03-20 15:53:09,196 - room_scheduler - INFO - Room hours processed successfully
2025-03-20 15:53:09,197 - room_scheduler - INFO - Data pipeline completed successfully. Timestamp: 2025-03-20T15:53:09.196444
2025-03-20 15:53:09,197 - room_scheduler - INFO - Scheduler running, will update every 5 minutes
2025-03-20 15:58:10,050 - room_scheduler - INFO - Starting data pipeline...
2025-03-20 15:58:10,051 - room_scheduler - INFO - Running EMS scraper...
2025-03-20 15:58:23,741 - room_scheduler - INFO - EMS scraper completed successfully
2025-03-20 15:58:23,741 - room_scheduler - INFO - Processing room hours...
2025-03-20 15:58:23,763 - room_scheduler - INFO - Room hours processed successfully
2025-03-20 15:58:23,764 - room_scheduler - INFO - Data pipeline completed successfully. Timestamp: 2025-03-20T15:58:23.763576
2025-03-20 16:03:23,824 - room_scheduler - INFO - Starting data pipeline...
2025-03-20 16:03:23,826 - room_scheduler - INFO - Running EMS scraper...
2025-03-20 16:03:37,383 - room_scheduler - INFO - EMS scraper completed successfully
2025-03-20 16:03:37,383 - room_scheduler - INFO - Processing room hours...
2025-03-20 16:03:37,407 - room_scheduler - INFO - Room hours processed successfully
2025-03-20 16:03:37,408 - room_scheduler - INFO - Data pipeline completed successfully. Timestamp: 2025-03-20T16:03:37.407264
2025-03-20 16:08:37,500 - room_scheduler - INFO - Starting data pipeline...
2025-03-20 16:08:37,500 - room_scheduler - INFO - Running EMS scraper...
2025-03-20 16:08:50,785 - room_scheduler - INFO - EMS scraper completed successfully
2025-03-20 16:08:50,785 - room_scheduler - INFO - Processing room hours...
2025-03-20 16:08:50,808 - room_scheduler - INFO - Room hours processed successfully
2025-03-20 16:08:50,808 - room_scheduler - INFO - Data pipeline completed successfully. Timestamp: 2025-03-20T16:08:50.808497
2025-03-20 16:13:50,811 - room_scheduler - INFO - Starting data pipeline...
2025-03-20 16:13:50,811 - room_scheduler - INFO - Running EMS scraper...
2025-03-20 16:14:04,189 - room_scheduler - INFO - EMS scraper completed successfully
2025-03-20 16:14:04,189 - room_scheduler - INFO - Processing room hours...
2025-03-20 16:14:04,228 - room_scheduler - INFO - Room hours processed successfully
2025-03-20 16:14:04,229 - room_scheduler - INFO - Data pipeline completed successfully. Timestamp: 2025-03-20T16:14:04.228718
2025-03-20 16:20:48,602 - room_scheduler - INFO - Starting data pipeline...
2025-03-20 16:20:48,607 - room_scheduler - INFO - Running EMS scraper...
2025-03-20 16:21:07,872 - room_scheduler - INFO - EMS scraper completed successfully
2025-03-20 16:21:07,872 - room_scheduler - INFO - Processing room hours...
2025-03-20 16:21:07,899 - room_scheduler - INFO - Room hours processed successfully
2025-03-20 16:21:07,900 - room_scheduler - INFO - Data pipeline completed successfully. Timestamp: 2025-03-20T16:21:07.900032
2025-03-20 16:26:07,915 - room_scheduler - INFO - Starting data pipeline...
2025-03-20 16:26:07,915 - room_scheduler - INFO - Running EMS scraper...
2025-03-20 16:26:21,103 - room_scheduler - INFO - EMS scraper completed successfully
2025-03-20 16:26:21,103 - room_scheduler - INFO - Processing room hours...
2025-03-20 16:26:21,125 - room_scheduler - INFO - Room hours processed successfully
2025-03-20 16:26:21,125 - room_scheduler - INFO - Data pipeline completed successfully. Timestamp: 2025-03-20T16:26:21.125386
2025-03-20 16:31:22,117 - room_scheduler - INFO - Starting data pipeline...
2025-03-20 16:31:22,117 - room_scheduler - INFO - Running EMS scraper...
2025-03-20 16:31:36,905 - room_scheduler - INFO - EMS scraper completed successfully
2025-03-20 16:31:36,906 - room_scheduler - INFO - Processing room hours...
2025-03-20 16:31:36,933 - room_scheduler - INFO - Room hours processed successfully
2025-03-20 16:31:36,934 - room_scheduler - INFO - Data pipeline completed successfully. Timestamp: 2025-03-20T16:31:36.934141
2025-03-20 16:36:36,996 - room_scheduler - INFO - Starting data pipeline...
2025-03-20 16:36:36,997 - room_scheduler - INFO - Running EMS scraper...
2025-03-20 16:36:51,268 - room_scheduler - INFO - EMS scraper completed successfully
2025-03-20 16:36:51,269 - room_scheduler - INFO - Processing room hours...
2025-03-20 16:36:51,291 - room_scheduler - INFO - Room hours processed successfully
2025-03-20 16:36:51,292 - room_scheduler - INFO - Data pipeline completed successfully. Timestamp: 2025-03-20T16:36:51.291666
2025-03-20 16:41:51,385 - room_scheduler - INFO - Starting data pipeline...
2025-03-20 16:41:51,385 - room_scheduler - INFO - Running EMS scraper...
2025-03-20 16:42:06,135 - room_scheduler - INFO - EMS scraper completed successfully
2025-03-20 16:42:06,135 - room_scheduler - INFO - Processing room hours...
2025-03-20 16:42:06,158 - room_scheduler - INFO - Room hours processed successfully
2025-03-20 16:42:06,158 - room_scheduler - INFO - Data pipeline completed successfully. Timestamp: 2025-03-20T16:42:06.158509
2025-03-20 16:47:06,234 - room_scheduler - INFO - Starting data pipeline...
2025-03-20 16:47:06,234 - room_scheduler - INFO - Running EMS scraper...
2025-03-20 16:47:20,026 - room_scheduler - INFO - EMS scraper completed successfully
2025-03-20 16:47:20,026 - room_scheduler - INFO - Processing room hours...
2025-03-20 16:47:20,048 - room_scheduler - INFO - Room hours processed successfully
2025-03-20 16:47:20,049 - room_scheduler - INFO - Data pipeline completed successfully. Timestamp: 2025-03-20T16:47:20.049031
2025-03-20 16:52:20,114 - room_scheduler - INFO - Starting data pipeline...
2025-03-20 16:52:20,114 - room_scheduler - INFO - Running EMS scraper...
2025-03-20 16:52:34,184 - room_scheduler - INFO - EMS scraper completed successfully
2025-03-20 16:52:34,184 - room_scheduler - INFO - Processing room hours...
2025-03-20 16:52:34,206 - room_scheduler - INFO - Room hours processed successfully
2025-03-20 16:52:34,206 - room_scheduler - INFO - Data pipeline completed successfully. Timestamp: 2025-03-20T16:52:34.206406
2025-03-20 16:57:35,127 - room_scheduler - INFO - Starting data pipeline...
2025-03-20 16:57:35,128 - room_scheduler - INFO - Running EMS scraper...
2025-03-20 16:57:48,706 - room_scheduler - INFO - EMS scraper completed successfully
2025-03-20 16:57:48,706 - room_scheduler - INFO - Processing room hours...
2025-03-20 16:57:48,732 - room_scheduler - INFO - Room hours processed successfully
2025-03-20 16:57:48,732 - room_scheduler - INFO - Data pipeline completed successfully. Timestamp: 2025-03-20T16:57:48.732191
2025-03-20 17:02:48,796 - room_scheduler - INFO - Starting data pipeline...
2025-03-20 17:02:48,798 - room_scheduler - INFO - Running EMS scraper...
2025-03-20 17:03:01,907 - room_scheduler - INFO - EMS scraper completed successfully
2025-03-20 17:03:01,907 - room_scheduler - INFO - Processing room hours...
2025-03-20 17:03:01,930 - room_scheduler - INFO - Room hours processed successfully
2025-03-20 17:03:01,931 - room_scheduler - INFO - Data pipeline completed successfully. Timestamp: 2025-03-20T17:03:01.930589
2025-03-20 17:08:02,063 - room_scheduler - INFO - Starting data pipeline...
2025-03-20 17:08:02,065 - room_scheduler - INFO - Running EMS scraper...
2025-03-20 17:08:15,945 - room_scheduler - INFO - EMS scraper completed successfully
2025-03-20 17:08:15,945 - room_scheduler - INFO - Processing room hours...
2025-03-20 17:08:15,969 - room_scheduler - INFO - Room hours processed successfully
2025-03-20 17:08:15,970 - room_scheduler - INFO - Data pipeline completed successfully. Timestamp: 2025-03-20T17:08:15.969964
2025-03-20 17:13:15,981 - room_scheduler - INFO - Starting data pipeline...
2025-03-20 17:13:15,982 - room_scheduler - INFO - Running EMS scraper...
2025-03-20 17:13:29,491 - room_scheduler - INFO - EMS scraper completed successfully
2025-03-20 17:13:29,491 - room_scheduler - INFO - Processing room hours...
2025-03-20 17:13:29,513 - room_scheduler - INFO - Room hours processed successfully
2025-03-20 17:13:29,514 - room_scheduler - INFO - Data pipeline completed successfully. Timestamp: 2025-03-20T17:13:29.513435
2025-03-20 17:18:29,588 - room_scheduler - INFO - Starting data pipeline...
2025-03-20 17:18:29,588 - room_scheduler - INFO - Running EMS scraper...
2025-03-20 17:18:43,628 - room_scheduler - INFO - EMS scraper completed successfully
2025-03-20 17:18:43,629 - room_scheduler - INFO - Processing room hours...
2025-03-20 17:18:43,652 - room_scheduler - INFO - Room hours processed successfully
2025-03-20 17:18:43,652 - room_scheduler - INFO - Data pipeline completed successfully. Timestamp: 2025-03-20T17:18:43.652301
2025-03-20 17:23:43,705 - room_scheduler - INFO - Starting data pipeline...
2025-03-20 17:23:43,706 - room_scheduler - INFO - Running EMS scraper...
2025-03-20 17:23:57,561 - room_scheduler - INFO - EMS scraper completed successfully
2025-03-20 17:23:57,561 - room_scheduler - INFO - Processing room hours...
2025-03-20 17:23:57,590 - room_scheduler - INFO - Room hours processed successfully
2025-03-20 17:23:57,590 - room_scheduler - INFO - Data pipeline completed successfully. Timestamp: 2025-03-20T17:23:57.590672
2025-03-20 17:28:57,630 - room_scheduler - INFO - Starting data pipeline...
2025-03-20 17:28:57,632 - room_scheduler - INFO - Running EMS scraper...
2025-03-20 17:29:11,307 - room_scheduler - INFO - EMS scraper completed successfully
2025-03-20 17:29:11,307 - room_scheduler - INFO - Processing room hours...
2025-03-20 17:29:11,344 - room_scheduler - INFO - Room hours processed successfully
2025-03-20 17:29:11,346 - room_scheduler - INFO - Data pipeline completed successfully. Timestamp: 2025-03-20T17:29:11.344584
2025-03-20 17:34:11,394 - room_scheduler - INFO - Starting data pipeline...
2025-03-20 17:34:11,396 - room_scheduler - INFO - Running EMS scraper...
2025-03-20 17:34:25,355 - room_scheduler - INFO - EMS scraper completed successfully
2025-03-20 17:34:25,356 - room_scheduler - INFO - Processing room hours...
2025-03-20 17:34:25,378 - room_scheduler - INFO - Room hours processed successfully
2025-03-20 17:34:25,378 - room_scheduler - INFO - Data pipeline completed successfully. Timestamp: 2025-03-20T17:34:25.378530
2025-03-20 17:39:26,295 - room_scheduler - INFO - Starting data pipeline...
2025-03-20 17:39:26,297 - room_scheduler - INFO - Running EMS scraper...
2025-03-20 17:39:40,159 - room_scheduler - INFO - EMS scraper completed successfully
2025-03-20 17:39:40,159 - room_scheduler - INFO - Processing room hours...
2025-03-20 17:39:40,184 - room_scheduler - INFO - Room hours processed successfully
2025-03-20 17:39:40,184 - room_scheduler - INFO - Data pipeline completed successfully. Timestamp: 2025-03-20T17:39:40.184124
2025-03-20 17:44:40,207 - room_scheduler - INFO - Starting data pipeline...
2025-03-20 17:44:40,208 - room_scheduler - INFO - Running EMS scraper...
2025-03-20 17:45:09,204 - room_scheduler - INFO - EMS scraper completed successfully
2025-03-20 17:45:09,204 - room_scheduler - INFO - Processing room hours...
2025-03-20 17:45:09,232 - room_scheduler - INFO - Room hours processed successfully
2025-03-20 17:45:09,233 - room_scheduler - INFO - Data pipeline completed successfully. Timestamp: 2025-03-20T17:45:09.232820
2025-03-20 18:01:12,296 - room_scheduler - INFO - Starting data pipeline...
2025-03-20 18:01:12,296 - room_scheduler - INFO - Running EMS scraper...
2025-03-20 18:01:26,740 - room_scheduler - ERROR - Error in data pipeline: Command '['python', 'ems_scraper.py']' returned non-zero exit status 1.
2025-03-20 18:17:16,421 - room_scheduler - INFO - Starting data pipeline...
2025-03-20 18:17:16,421 - room_scheduler - INFO - Running EMS scraper...
2025-03-20 18:17:16,570 - room_scheduler - ERROR - Error in data pipeline: Command '['python', 'ems_scraper.py']' returned non-zero exit status 1.
2025-03-20 18:33:14,817 - room_scheduler - INFO - Starting data pipeline...
2025-03-20 18:33:14,817 - room_scheduler - INFO - Running EMS scraper...
2025-03-20 18:33:14,997 - room_scheduler - ERROR - Error in data pipeline: Command '['python', 'ems_scraper.py']' returned non-zero exit status 1.
2025-03-20 18:49:52,840 - room_scheduler - INFO - Starting data pipeline...
2025-03-20 18:49:52,840 - room_scheduler - INFO - Running EMS scraper...
2025-03-20 18:49:52,954 - room_scheduler - ERROR - Error in data pipeline: Command '['python', 'ems_scraper.py']' returned non-zero exit status 1.
2025-03-20 19:07:03,931 - room_scheduler - INFO - Starting data pipeline...
2025-03-20 19:07:03,932 - room_scheduler - INFO - Running EMS scraper...
2025-03-20 19:07:04,050 - room_scheduler - ERROR - Error in data pipeline: Command '['python', 'ems_scraper.py']' returned non-zero exit status 1.
2025-03-20 19:23:33,875 - room_scheduler - INFO - Starting data pipeline...
2025-03-20 19:23:33,875 - room_scheduler - INFO - Running EMS scraper...
2025-03-20 19:23:33,990 - room_scheduler - ERROR - Error in data pipeline: Command '['python', 'ems_scraper.py']' returned non-zero exit status 1.
2025-03-20 19:37:07,928 - room_scheduler - INFO - Starting data pipeline...
2025-03-20 19:37:07,928 - room_scheduler - INFO - Running EMS scraper...
2025-03-20 19:37:08,046 - room_scheduler - ERROR - Error in data pipeline: Command '['python', 'ems_scraper.py']' returned non-zero exit status 1.
2025-03-20 19:42:08,472 - room_scheduler - INFO - Starting data pipeline...
2025-03-20 19:42:08,473 - room_scheduler - INFO - Running EMS scraper...
2025-03-20 19:42:22,223 - room_scheduler - INFO - EMS scraper completed successfully
2025-03-20 19:42:22,223 - room_scheduler - INFO - Processing room hours...
2025-03-20 19:42:22,250 - room_scheduler - INFO - Room hours processed successfully
2025-03-20 19:42:22,251 - room_scheduler - INFO - Data pipeline completed successfully. Timestamp: 2025-03-20T19:42:22.250574
2025-03-20 19:47:22,330 - room_scheduler - INFO - Starting data pipeline...
2025-03-20 19:47:22,331 - room_scheduler - INFO - Running EMS scraper...
2025-03-20 19:47:35,617 - room_scheduler - INFO - EMS scraper completed successfully
2025-03-20 19:47:35,617 - room_scheduler - INFO - Processing room hours...
2025-03-20 19:47:35,639 - room_scheduler - INFO - Room hours processed successfully
2025-03-20 19:47:35,639 - room_scheduler - INFO - Data pipeline completed successfully. Timestamp: 2025-03-20T19:47:35.639757
2025-03-20 19:52:35,641 - room_scheduler - INFO - Starting data pipeline...
2025-03-20 19:52:35,642 - room_scheduler - INFO - Running EMS scraper...
2025-03-20 19:52:49,091 - room_scheduler - INFO - EMS scraper completed successfully
2025-03-20 19:52:49,091 - room_scheduler - INFO - Processing room hours...
2025-03-20 19:52:49,117 - room_scheduler - INFO - Room hours processed successfully
2025-03-20 19:52:49,117 - room_scheduler - INFO - Data pipeline completed successfully. Timestamp: 2025-03-20T19:52:49.117757
2025-03-20 19:57:50,114 - room_scheduler - INFO - Starting data pipeline...
2025-03-20 19:57:50,114 - room_scheduler - INFO - Running EMS scraper...
2025-03-20 19:58:06,123 - room_scheduler - INFO - EMS scraper completed successfully
2025-03-20 19:58:06,123 - room_scheduler - INFO - Processing room hours...
2025-03-20 19:58:06,146 - room_scheduler - INFO - Room hours processed successfully
2025-03-20 19:58:06,147 - room_scheduler - INFO - Data pipeline completed successfully. Timestamp: 2025-03-20T19:58:06.146701
2025-03-20 20:03:06,226 - room_scheduler - INFO - Starting data pipeline...
2025-03-20 20:03:06,227 - room_scheduler - INFO - Running EMS scraper...
2025-03-20 20:03:20,360 - room_scheduler - INFO - EMS scraper completed successfully
2025-03-20 20:03:20,360 - room_scheduler - INFO - Processing room hours...
2025-03-20 20:03:20,391 - room_scheduler - INFO - Room hours processed successfully
2025-03-20 20:03:20,393 - room_scheduler - INFO - Data pipeline completed successfully. Timestamp: 2025-03-20T20:03:20.391593
2025-03-20 20:08:20,420 - room_scheduler - INFO - Starting data pipeline...
2025-03-20 20:08:20,422 - room_scheduler - INFO - Running EMS scraper...
2025-03-20 20:08:34,255 - room_scheduler - INFO - EMS scraper completed successfully
2025-03-20 20:08:34,255 - room_scheduler - INFO - Processing room hours...
2025-03-20 20:08:34,278 - room_scheduler - INFO - Room hours processed successfully
2025-03-20 20:08:34,279 - room_scheduler - INFO - Data pipeline completed successfully. Timestamp: 2025-03-20T20:08:34.278428
2025-03-20 20:13:34,297 - room_scheduler - INFO - Starting data pipeline...
2025-03-20 20:13:34,299 - room_scheduler - INFO - Running EMS scraper...
2025-03-20 20:13:47,854 - room_scheduler - INFO - EMS scraper completed successfully
2025-03-20 20:13:47,854 - room_scheduler - INFO - Processing room hours...
2025-03-20 20:13:47,882 - room_scheduler - INFO - Room hours processed successfully
2025-03-20 20:13:47,883 - room_scheduler - INFO - Data pipeline completed successfully. Timestamp: 2025-03-20T20:13:47.882722
2025-03-20 20:18:47,937 - room_scheduler - INFO - Starting data pipeline...
2025-03-20 20:18:47,939 - room_scheduler - INFO - Running EMS scraper...
2025-03-20 20:19:01,874 - room_scheduler - INFO - EMS scraper completed successfully
2025-03-20 20:19:01,875 - room_scheduler - INFO - Processing room hours...
2025-03-20 20:19:01,897 - room_scheduler - INFO - Room hours processed successfully
2025-03-20 20:19:01,898 - room_scheduler - INFO - Data pipeline completed successfully. Timestamp: 2025-03-20T20:19:01.897953
2025-03-20 20:24:02,884 - room_scheduler - INFO - Starting data pipeline...
2025-03-20 20:24:02,887 - room_scheduler - INFO - Running EMS scraper...
2025-03-20 20:24:16,698 - room_scheduler - INFO - EMS scraper completed successfully
2025-03-20 20:24:16,698 - room_scheduler - INFO - Processing room hours...
2025-03-20 20:24:16,723 - room_scheduler - INFO - Room hours processed successfully
2025-03-20 20:24:16,724 - room_scheduler - INFO - Data pipeline completed successfully. Timestamp: 2025-03-20T20:24:16.723646
2025-03-20 20:29:16,765 - room_scheduler - INFO - Starting data pipeline...
2025-03-20 20:29:16,767 - room_scheduler - INFO - Running EMS scraper...
2025-03-20 20:29:30,871 - room_scheduler - INFO - EMS scraper completed successfully
2025-03-20 20:29:30,872 - room_scheduler - INFO - Processing room hours...
2025-03-20 20:29:30,894 - room_scheduler - INFO - Room hours processed successfully
2025-03-20 20:29:30,895 - room_scheduler - INFO - Data pipeline completed successfully. Timestamp: 2025-03-20T20:29:30.894933
2025-03-20 20:34:30,980 - room_scheduler - INFO - Starting data pipeline...
2025-03-20 20:34:30,982 - room_scheduler - INFO - Running EMS scraper...
2025-03-20 20:34:44,951 - room_scheduler - INFO - EMS scraper completed successfully
2025-03-20 20:34:44,952 - room_scheduler - INFO - Processing room hours...
2025-03-20 20:34:44,973 - room_scheduler - INFO - Room hours processed successfully
2025-03-20 20:34:44,974 - room_scheduler - INFO - Data pipeline completed successfully. Timestamp: 2025-03-20T20:34:44.973959
2025-03-20 20:39:44,993 - room_scheduler - INFO - Starting data pipeline...
2025-03-20 20:39:44,995 - room_scheduler - INFO - Running EMS scraper...
2025-03-20 20:39:58,455 - room_scheduler - INFO - EMS scraper completed successfully
2025-03-20 20:39:58,456 - room_scheduler - INFO - Processing room hours...
2025-03-20 20:39:58,480 - room_scheduler - INFO - Room hours processed successfully
2025-03-20 20:39:58,480 - room_scheduler - INFO - Data pipeline completed successfully. Timestamp: 2025-03-20T20:39:58.480433
2025-03-20 20:44:58,811 - room_scheduler - INFO - Starting data pipeline...
2025-03-20 20:44:58,812 - room_scheduler - INFO - Running EMS scraper...
2025-03-20 20:45:13,357 - room_scheduler - INFO - EMS scraper completed successfully
2025-03-20 20:45:13,357 - room_scheduler - INFO - Processing room hours...
2025-03-20 20:45:13,380 - room_scheduler - INFO - Room hours processed successfully
2025-03-20 20:45:13,380 - room_scheduler - INFO - Data pipeline completed successfully. Timestamp: 2025-03-20T20:45:13.380453
2025-03-20 20:50:13,432 - room_scheduler - INFO - Starting data pipeline...
2025-03-20 20:50:13,433 - room_scheduler - INFO - Running EMS scraper...
2025-03-20 20:50:27,252 - room_scheduler - INFO - EMS scraper completed successfully
2025-03-20 20:50:27,252 - room_scheduler - INFO - Processing room hours...
2025-03-20 20:50:27,275 - room_scheduler - INFO - Room hours processed successfully
2025-03-20 20:50:27,275 - room_scheduler - INFO - Data pipeline completed successfully. Timestamp: 2025-03-20T20:50:27.275332
2025-03-20 20:55:27,353 - room_scheduler - INFO - Starting data pipeline...
2025-03-20 20:55:27,354 - room_scheduler - INFO - Running EMS scraper...
2025-03-20 20:55:41,308 - room_scheduler - INFO - EMS scraper completed successfully
2025-03-20 20:55:41,309 - room_scheduler - INFO - Processing room hours...
2025-03-20 20:55:41,333 - room_scheduler - INFO - Room hours processed successfully
2025-03-20 20:55:41,334 - room_scheduler - INFO - Data pipeline completed successfully. Timestamp: 2025-03-20T20:55:41.333736
2025-03-20 21:00:41,405 - room_scheduler - INFO - Starting data pipeline...
2025-03-20 21:00:41,407 - room_scheduler - INFO - Running EMS scraper...
2025-03-20 21:00:54,779 - room_scheduler - INFO - EMS scraper completed successfully
2025-03-20 21:00:54,779 - room_scheduler - INFO - Processing room hours...
2025-03-20 21:00:54,805 - room_scheduler - INFO - Room hours processed successfully
2025-03-20 21:00:54,806 - room_scheduler - INFO - Data pipeline completed successfully. Timestamp: 2025-03-20T21:00:54.805447
2025-03-20 21:05:54,906 - room_scheduler - INFO - Starting data pipeline...
2025-03-20 21:05:54,908 - room_scheduler - INFO - Running EMS scraper...
2025-03-20 21:06:09,078 - room_scheduler - INFO - EMS scraper completed successfully
2025-03-20 21:06:09,079 - room_scheduler - INFO - Processing room hours...
2025-03-20 21:06:09,104 - room_scheduler - INFO - Room hours processed successfully
2025-03-20 21:06:09,105 - room_scheduler - INFO - Data pipeline completed successfully. Timestamp: 2025-03-20T21:06:09.104545
2025-03-20 21:11:10,099 - room_scheduler - INFO - Starting data pipeline...
2025-03-20 21:11:10,100 - room_scheduler - INFO - Running EMS scraper...
2025-03-20 21:11:23,581 - room_scheduler - INFO - EMS scraper completed successfully
2025-03-20 21:11:23,582 - room_scheduler - INFO - Processing room hours...
2025-03-20 21:11:23,605 - room_scheduler - INFO - Room hours processed successfully
2025-03-20 21:11:23,606 - room_scheduler - INFO - Data pipeline completed successfully. Timestamp: 2025-03-20T21:11:23.606128
